<?xml version="1.0" encoding="UTF-8"?>
<testsuite xmlns:xsi="http://www.w3.org/2001/XMLSchema-instance" xsi:noNamespaceSchemaLocation="https://maven.apache.org/surefire/maven-surefire-plugin/xsd/surefire-test-report.xsd" name="com.intel.rpmp.PmPoolClientTest" time="2.63" tests="4" errors="0" skipped="0" failures="0">
  <properties>
    <property name="awt.toolkit" value="sun.awt.X11.XToolkit"/>
    <property name="file.encoding.pkg" value="sun.io"/>
    <property name="java.specification.version" value="1.8"/>
    <property name="sun.cpu.isalist" value=""/>
    <property name="sun.jnu.encoding" value="UTF-8"/>
    <property name="java.class.path" value="/mnt/spark-pmof/tool/rpmp/pmpool/client/java/rpmp/target/test-classes:/mnt/spark-pmof/tool/rpmp/pmpool/client/java/rpmp/target/classes:/root/.m2/repository/junit/junit/4.11/junit-4.11.jar:/root/.m2/repository/org/hamcrest/hamcrest-core/1.3/hamcrest-core-1.3.jar:"/>
    <property name="java.vm.vendor" value="Oracle Corporation"/>
    <property name="sun.arch.data.model" value="64"/>
    <property name="java.vendor.url" value="http://java.oracle.com/"/>
    <property name="user.timezone" value=""/>
    <property name="java.vm.specification.version" value="1.8"/>
    <property name="os.name" value="Linux"/>
    <property name="user.country" value="US"/>
    <property name="sun.java.launcher" value="SUN_STANDARD"/>
    <property name="sun.boot.library.path" value="/opt/jdk1.8.0_192/jre/lib/amd64"/>
    <property name="sun.java.command" value="/mnt/spark-pmof/tool/rpmp/pmpool/client/java/rpmp/target/surefire/surefirebooter1924503799442628817.jar /mnt/spark-pmof/tool/rpmp/pmpool/client/java/rpmp/target/surefire 2020-02-27T11-36-12_981-jvmRun1 surefire2796554008332215853tmp surefire_05894554083594155349tmp"/>
    <property name="surefire.test.class.path" value="/mnt/spark-pmof/tool/rpmp/pmpool/client/java/rpmp/target/test-classes:/mnt/spark-pmof/tool/rpmp/pmpool/client/java/rpmp/target/classes:/root/.m2/repository/junit/junit/4.11/junit-4.11.jar:/root/.m2/repository/org/hamcrest/hamcrest-core/1.3/hamcrest-core-1.3.jar:"/>
    <property name="sun.cpu.endian" value="little"/>
    <property name="user.home" value="/root"/>
    <property name="user.language" value="en"/>
    <property name="java.specification.vendor" value="Oracle Corporation"/>
    <property name="java.home" value="/opt/jdk1.8.0_192/jre"/>
    <property name="basedir" value="/mnt/spark-pmof/tool/rpmp/pmpool/client/java/rpmp"/>
    <property name="file.separator" value="/"/>
    <property name="line.separator" value="&#10;"/>
    <property name="java.vm.specification.vendor" value="Oracle Corporation"/>
    <property name="java.specification.name" value="Java Platform API Specification"/>
    <property name="java.awt.graphicsenv" value="sun.awt.X11GraphicsEnvironment"/>
    <property name="surefire.real.class.path" value="/mnt/spark-pmof/tool/rpmp/pmpool/client/java/rpmp/target/surefire/surefirebooter1924503799442628817.jar"/>
    <property name="sun.boot.class.path" value="/opt/jdk1.8.0_192/jre/lib/resources.jar:/opt/jdk1.8.0_192/jre/lib/rt.jar:/opt/jdk1.8.0_192/jre/lib/sunrsasign.jar:/opt/jdk1.8.0_192/jre/lib/jsse.jar:/opt/jdk1.8.0_192/jre/lib/jce.jar:/opt/jdk1.8.0_192/jre/lib/charsets.jar:/opt/jdk1.8.0_192/jre/lib/jfr.jar:/opt/jdk1.8.0_192/jre/classes"/>
    <property name="sun.management.compiler" value="HotSpot 64-Bit Tiered Compilers"/>
    <property name="java.runtime.version" value="1.8.0_192-b12"/>
    <property name="user.name" value="root"/>
    <property name="path.separator" value=":"/>
    <property name="os.version" value="4.18.19-100.fc27.x86_64"/>
    <property name="java.endorsed.dirs" value="/opt/jdk1.8.0_192/jre/lib/endorsed"/>
    <property name="java.runtime.name" value="Java(TM) SE Runtime Environment"/>
    <property name="file.encoding" value="UTF-8"/>
    <property name="java.vm.name" value="Java HotSpot(TM) 64-Bit Server VM"/>
    <property name="localRepository" value="/root/.m2/repository"/>
    <property name="java.vendor.url.bug" value="http://bugreport.sun.com/bugreport/"/>
    <property name="java.io.tmpdir" value="/tmp"/>
    <property name="java.version" value="1.8.0_192"/>
    <property name="user.dir" value="/mnt/spark-pmof/tool/rpmp/pmpool/client/java/rpmp"/>
    <property name="os.arch" value="amd64"/>
    <property name="java.vm.specification.name" value="Java Virtual Machine Specification"/>
    <property name="java.awt.printerjob" value="sun.print.PSPrinterJob"/>
    <property name="sun.os.patch.level" value="unknown"/>
    <property name="java.library.path" value="/usr/local/lib:/usr/local/lib64:/usr/lib:/usr/lib64:/usr/java/packages/lib/amd64:/usr/lib64:/lib64:/lib:/usr/lib"/>
    <property name="java.vm.info" value="mixed mode"/>
    <property name="java.vendor" value="Oracle Corporation"/>
    <property name="java.vm.version" value="25.192-b12"/>
    <property name="java.ext.dirs" value="/opt/jdk1.8.0_192/jre/lib/ext:/usr/java/packages/lib/ext"/>
    <property name="sun.io.unicode.encoding" value="UnicodeLittle"/>
    <property name="java.class.version" value="52.0"/>
  </properties>
  <testcase name="remoteAlloc" classname="com.intel.rpmp.PmPoolClientTest" time="0.711"/>
  <testcase name="remoteWrite" classname="com.intel.rpmp.PmPoolClientTest" time="0.835"/>
  <testcase name="remoteAllocAndWrite" classname="com.intel.rpmp.PmPoolClientTest" time="0.635"/>
  <testcase name="remoteRead" classname="com.intel.rpmp.PmPoolClientTest" time="0.435"/>
</testsuite>